[17:45:39] [main/INFO]: Environment: authHost='https://authserver.mojang.com', accountsHost='https://api.mojang.com', sessionHost='https://sessionserver.mojang.com', name='PROD'
[17:45:40] [main/INFO]: Reloading ResourceManager: Default, bukkit
[17:45:41] [Server-Worker-16/INFO]: Loaded 7 recipes
[17:45:42] [Server thread/INFO]: Starting minecraft server version 1.16.1
[17:45:42] [Server thread/INFO]: Loading properties
[17:45:42] [Server thread/INFO]: This server is running Paper version git-Paper-138 (MC: 1.16.1) (Implementing API version 1.16.1-R0.1-SNAPSHOT)
[17:45:43] [Server thread/INFO]: Debug logging is disabled
[17:45:43] [Server thread/INFO]: Server Ping Player Sample Count: 12
[17:45:43] [Server thread/INFO]: Using 4 threads for Netty based IO
[17:45:43] [Server thread/INFO]: Default game type: SURVIVAL
[17:45:43] [Server thread/INFO]: Generating keypair
[17:45:43] [Server thread/INFO]: Starting Minecraft server on *:25565
[17:45:43] [Server thread/INFO]: Using default channel type
[17:45:43] [Server thread/INFO]: [OpeNLogin] Loading OpeNLogin v1.6.5
[17:45:43] [Server thread/INFO]: Server permissions file permissions.yml is empty, ignoring it
[17:45:43] [Server thread/WARN]: **** SERVER IS RUNNING IN OFFLINE/INSECURE MODE!
[17:45:43] [Server thread/WARN]: The server will make no attempt to authenticate usernames. Beware.
[17:45:43] [Server thread/WARN]: While this makes the game possible to play without internet access, it also opens up the ability for hackers to connect with any username they choose.
[17:45:43] [Server thread/WARN]: To change this, set "online-mode" to "true" in the server.properties file.
[17:45:43] [Server thread/INFO]: Preparing level "world"
[17:45:43] [Server thread/INFO]: -------- World Settings For [world] --------
[17:45:43] [Server thread/INFO]: Entity Tracking Range: Pl 48 / An 48 / Mo 48 / Mi 32 / Other 64
[17:45:43] [Server thread/INFO]: Allow Zombie Pigmen to spawn from portal blocks: true
[17:45:43] [Server thread/INFO]: Item Despawn Rate: 6000
[17:45:43] [Server thread/INFO]: Item Merge Radius: 2.5
[17:45:43] [Server thread/INFO]: View Distance: 10
[17:45:43] [Server thread/INFO]: Zombie Aggressive Towards Villager: true
[17:45:43] [Server thread/INFO]: Arrow Despawn Rate: 1200 Trident Respawn Rate:1200
[17:45:43] [Server thread/INFO]: Nerfing mobs spawned from spawners: false
[17:45:43] [Server thread/INFO]: Mob Spawn Range: 8
[17:45:43] [Server thread/INFO]: Experience Merge Radius: 3.0
[17:45:43] [Server thread/INFO]: Cactus Growth Modifier: 100%
[17:45:43] [Server thread/INFO]: Cane Growth Modifier: 100%
[17:45:43] [Server thread/INFO]: Melon Growth Modifier: 100%
[17:45:43] [Server thread/INFO]: Mushroom Growth Modifier: 100%
[17:45:43] [Server thread/INFO]: Pumpkin Growth Modifier: 100%
[17:45:43] [Server thread/INFO]: Sapling Growth Modifier: 100%
[17:45:43] [Server thread/INFO]: Beetroot Growth Modifier: 100%
[17:45:43] [Server thread/INFO]: Carrot Growth Modifier: 100%
[17:45:43] [Server thread/INFO]: Potato Growth Modifier: 100%
[17:45:43] [Server thread/INFO]: Wheat Growth Modifier: 100%
[17:45:43] [Server thread/INFO]: NetherWart Growth Modifier: 100%
[17:45:43] [Server thread/INFO]: Vine Growth Modifier: 100%
[17:45:43] [Server thread/INFO]: Cocoa Growth Modifier: 100%
[17:45:43] [Server thread/INFO]: Bamboo Growth Modifier: 100%
[17:45:43] [Server thread/INFO]: SweetBerry Growth Modifier: 100%
[17:45:43] [Server thread/INFO]: Kelp Growth Modifier: 100%
[17:45:43] [Server thread/INFO]: Entity Activation Range: An 32 / Mo 32 / Ra 48 / Mi 16 / Tiv true
[17:45:43] [Server thread/INFO]: Hopper Transfer: 8 Hopper Check: 1 Hopper Amount: 1
[17:45:43] [Server thread/INFO]: Custom Map Seeds:  Village: 10387312 Desert: 14357617 Igloo: 14357618 Jungle: 14357619 Swamp: 14357620 Monument: 10387313 Ocean: 14357621 Shipwreck: 165745295 End City: 10387313 Slime: 987234911 Bastion: 30084232 Fortress: 30084232 Mansion: 10387319 Fossil: 14357921 Portal: 34222645
[17:45:43] [Server thread/INFO]: Tile Max Tick Time: 50ms Entity max Tick Time: 50ms
[17:45:43] [Server thread/INFO]: Max TNT Explosions: 100
[17:45:43] [Server thread/INFO]: -------- World Settings For [world_nether] --------
[17:45:43] [Server thread/INFO]: Entity Tracking Range: Pl 48 / An 48 / Mo 48 / Mi 32 / Other 64
[17:45:43] [Server thread/INFO]: Allow Zombie Pigmen to spawn from portal blocks: true
[17:45:43] [Server thread/INFO]: Item Despawn Rate: 6000
[17:45:43] [Server thread/INFO]: Item Merge Radius: 2.5
[17:45:43] [Server thread/INFO]: View Distance: 10
[17:45:43] [Server thread/INFO]: Zombie Aggressive Towards Villager: true
[17:45:43] [Server thread/INFO]: Arrow Despawn Rate: 1200 Trident Respawn Rate:1200
[17:45:43] [Server thread/INFO]: Nerfing mobs spawned from spawners: false
[17:45:43] [Server thread/INFO]: Mob Spawn Range: 8
[17:45:43] [Server thread/INFO]: Experience Merge Radius: 3.0
[17:45:43] [Server thread/INFO]: Cactus Growth Modifier: 100%
[17:45:43] [Server thread/INFO]: Cane Growth Modifier: 100%
[17:45:43] [Server thread/INFO]: Melon Growth Modifier: 100%
[17:45:43] [Server thread/INFO]: Mushroom Growth Modifier: 100%
[17:45:43] [Server thread/INFO]: Pumpkin Growth Modifier: 100%
[17:45:43] [Server thread/INFO]: Sapling Growth Modifier: 100%
[17:45:43] [Server thread/INFO]: Beetroot Growth Modifier: 100%
[17:45:43] [Server thread/INFO]: Carrot Growth Modifier: 100%
[17:45:43] [Server thread/INFO]: Potato Growth Modifier: 100%
[17:45:43] [Server thread/INFO]: Wheat Growth Modifier: 100%
[17:45:43] [Server thread/INFO]: NetherWart Growth Modifier: 100%
[17:45:43] [Server thread/INFO]: Vine Growth Modifier: 100%
[17:45:43] [Server thread/INFO]: Cocoa Growth Modifier: 100%
[17:45:43] [Server thread/INFO]: Bamboo Growth Modifier: 100%
[17:45:43] [Server thread/INFO]: SweetBerry Growth Modifier: 100%
[17:45:43] [Server thread/INFO]: Kelp Growth Modifier: 100%
[17:45:43] [Server thread/INFO]: Entity Activation Range: An 32 / Mo 32 / Ra 48 / Mi 16 / Tiv true
[17:45:43] [Server thread/INFO]: Hopper Transfer: 8 Hopper Check: 1 Hopper Amount: 1
[17:45:43] [Server thread/INFO]: Custom Map Seeds:  Village: 10387312 Desert: 14357617 Igloo: 14357618 Jungle: 14357619 Swamp: 14357620 Monument: 10387313 Ocean: 14357621 Shipwreck: 165745295 End City: 10387313 Slime: 987234911 Bastion: 30084232 Fortress: 30084232 Mansion: 10387319 Fossil: 14357921 Portal: 34222645
[17:45:43] [Server thread/INFO]: Tile Max Tick Time: 50ms Entity max Tick Time: 50ms
[17:45:43] [Server thread/INFO]: Max TNT Explosions: 100
[17:45:44] [Server thread/INFO]: -------- World Settings For [world_the_end] --------
[17:45:44] [Server thread/INFO]: Entity Tracking Range: Pl 48 / An 48 / Mo 48 / Mi 32 / Other 64
[17:45:44] [Server thread/INFO]: Allow Zombie Pigmen to spawn from portal blocks: true
[17:45:44] [Server thread/INFO]: Item Despawn Rate: 6000
[17:45:44] [Server thread/INFO]: Item Merge Radius: 2.5
[17:45:44] [Server thread/INFO]: View Distance: 10
[17:45:44] [Server thread/INFO]: Zombie Aggressive Towards Villager: true
[17:45:44] [Server thread/INFO]: Arrow Despawn Rate: 1200 Trident Respawn Rate:1200
[17:45:44] [Server thread/INFO]: Nerfing mobs spawned from spawners: false
[17:45:44] [Server thread/INFO]: Mob Spawn Range: 8
[17:45:44] [Server thread/INFO]: Experience Merge Radius: 3.0
[17:45:44] [Server thread/INFO]: Cactus Growth Modifier: 100%
[17:45:44] [Server thread/INFO]: Cane Growth Modifier: 100%
[17:45:44] [Server thread/INFO]: Melon Growth Modifier: 100%
[17:45:44] [Server thread/INFO]: Mushroom Growth Modifier: 100%
[17:45:44] [Server thread/INFO]: Pumpkin Growth Modifier: 100%
[17:45:44] [Server thread/INFO]: Sapling Growth Modifier: 100%
[17:45:44] [Server thread/INFO]: Beetroot Growth Modifier: 100%
[17:45:44] [Server thread/INFO]: Carrot Growth Modifier: 100%
[17:45:44] [Server thread/INFO]: Potato Growth Modifier: 100%
[17:45:44] [Server thread/INFO]: Wheat Growth Modifier: 100%
[17:45:44] [Server thread/INFO]: NetherWart Growth Modifier: 100%
[17:45:44] [Server thread/INFO]: Vine Growth Modifier: 100%
[17:45:44] [Server thread/INFO]: Cocoa Growth Modifier: 100%
[17:45:44] [Server thread/INFO]: Bamboo Growth Modifier: 100%
[17:45:44] [Server thread/INFO]: SweetBerry Growth Modifier: 100%
[17:45:44] [Server thread/INFO]: Kelp Growth Modifier: 100%
[17:45:44] [Server thread/INFO]: Entity Activation Range: An 32 / Mo 32 / Ra 48 / Mi 16 / Tiv true
[17:45:44] [Server thread/INFO]: Hopper Transfer: 8 Hopper Check: 1 Hopper Amount: 1
[17:45:44] [Server thread/INFO]: Custom Map Seeds:  Village: 10387312 Desert: 14357617 Igloo: 14357618 Jungle: 14357619 Swamp: 14357620 Monument: 10387313 Ocean: 14357621 Shipwreck: 165745295 End City: 10387313 Slime: 987234911 Bastion: 30084232 Fortress: 30084232 Mansion: 10387319 Fossil: 14357921 Portal: 34222645
[17:45:44] [Server thread/INFO]: Tile Max Tick Time: 50ms Entity max Tick Time: 50ms
[17:45:44] [Server thread/INFO]: Max TNT Explosions: 100
[17:45:44] [Server thread/INFO]: Preparing start region for dimension minecraft:overworld
[17:45:44] [Server thread/INFO]: Loaded 0 spawn chunks for world world
[17:45:44] [Server thread/INFO]: Time elapsed: 205 ms
[17:45:44] [Server thread/INFO]: Preparing start region for dimension minecraft:the_nether
[17:45:44] [Server thread/INFO]: Loaded 0 spawn chunks for world world_nether
[17:45:44] [Server thread/INFO]: Time elapsed: 86 ms
[17:45:44] [Server thread/INFO]: Preparing start region for dimension minecraft:the_end
[17:45:44] [Server thread/INFO]: Loaded 0 spawn chunks for world world_the_end
[17:45:44] [Server thread/INFO]: Time elapsed: 61 ms
[17:45:44] [Server thread/INFO]: [OpeNLogin] Enabling OpeNLogin v1.6.5
[17:45:44] [Server thread/INFO]: [OpeNLogin]    ___                __  __             _ 
[17:45:44] [Server thread/INFO]: [OpeNLogin]   /___\_ __   ___  /\ \ \/ /  ___   __ _(_)_ __
[17:45:44] [Server thread/INFO]: [OpeNLogin]  //  // '_ \ / _ \/  \/ / /  / _ \ / _` | | '_ \
[17:45:44] [Server thread/INFO]: [OpeNLogin] / \_//| |_) |  __/ /\  / /__| (_) | (_| | | | | |
[17:45:44] [Server thread/INFO]: [OpeNLogin] \___/ | .__/ \___\_\ \/\____/\___/ \__, |_|_| |_|
[17:45:44] [Server thread/INFO]: [OpeNLogin]       |_|                          |___/         
[17:45:44] [Server thread/INFO]: [OpeNLogin] By: www.nickuc.com / github.com/nickuc/OpeNLogin - V 1.6.5
[17:45:44] [Server thread/INFO]: [OpeNLogin] 
[17:45:45] [Server thread/INFO]: Running delayed init tasks
[17:45:45] [Server thread/INFO]: Done (2.262s)! For help, type "help"
[17:45:45] [Server thread/INFO]: Timings Reset
[17:48:09] [User Authenticator #1/INFO]: UUID of player kidosXD is 94277fdf-16cc-384a-80a9-459512d6f6f2
[17:48:09] [Server thread/INFO]: kidosXD joined the game
[17:48:09] [Server thread/INFO]: kidosXD[/192.168.42.152:55520] logged in with entity id 338 at ([world]-124.5, 72.0, 79.5)
[17:52:11] [Server thread/INFO]: kidosXD lost connection: Disconnected
[17:52:11] [Server thread/INFO]: kidosXD left the game
[17:53:16] [User Authenticator #2/INFO]: UUID of player kidosXD is 94277fdf-16cc-384a-80a9-459512d6f6f2
[17:53:17] [Server thread/INFO]: kidosXD joined the game
[17:53:17] [Server thread/INFO]: kidosXD[/192.168.42.152:55558] logged in with entity id 948 at ([world]-143.9548448943379, 71.0, 90.98920156616012)
[17:53:19] [Server thread/INFO]: kidosXD lost connection: Disconnected
[17:53:19] [Server thread/INFO]: kidosXD left the game
[17:55:46] [User Authenticator #3/INFO]: UUID of player kidosXD is 94277fdf-16cc-384a-80a9-459512d6f6f2
[17:55:46] [Server thread/INFO]: kidosXD joined the game
[17:55:46] [Server thread/INFO]: kidosXD[/192.168.42.152:55587] logged in with entity id 954 at ([world]-143.9548448943379, 71.0, 90.98920156616012)
[17:55:51] [Server thread/INFO]: kidosXD lost connection: Incorrect password. Please, try again.
[17:55:51] [Server thread/INFO]: kidosXD left the game
[17:55:53] [User Authenticator #3/INFO]: UUID of player kidosXD is 94277fdf-16cc-384a-80a9-459512d6f6f2
[17:55:53] [Server thread/INFO]: kidosXD joined the game
[17:55:53] [Server thread/INFO]: kidosXD[/192.168.42.152:55589] logged in with entity id 976 at ([world]-143.9548448943379, 71.0, 90.98920156616012)
[17:56:22] [Server thread/INFO]: kidosXD lost connection: Disconnected
[17:56:22] [Server thread/INFO]: kidosXD left the game
[18:05:11] [User Authenticator #4/INFO]: UUID of player kidosXD is 94277fdf-16cc-384a-80a9-459512d6f6f2
[18:05:11] [Server thread/INFO]: kidosXD joined the game
[18:05:11] [Server thread/INFO]: kidosXD[/192.168.42.152:55813] logged in with entity id 1063 at ([world]-141.25884894451053, 71.0, 92.02712928797548)
[18:05:23] [Server thread/INFO]: kidosXD lost connection: Disconnected
[18:05:23] [Server thread/INFO]: kidosXD left the game
[18:06:25] [User Authenticator #5/INFO]: UUID of player kidosXD is 94277fdf-16cc-384a-80a9-459512d6f6f2
[18:06:26] [Server thread/INFO]: kidosXD joined the game
[18:06:26] [Server thread/INFO]: kidosXD[/127.0.0.1:55818] logged in with entity id 1116 at ([world]-137.89921855682863, 71.0, 91.30000001192093)
[18:06:28] [Server thread/INFO]: kidosXD lost connection: Disconnected
[18:06:28] [Server thread/INFO]: kidosXD left the game
[18:14:33] [User Authenticator #6/INFO]: UUID of player kidosXD is 94277fdf-16cc-384a-80a9-459512d6f6f2
[18:14:33] [Server thread/INFO]: kidosXD joined the game
[18:14:33] [Server thread/INFO]: kidosXD[/[0:0:0:0:0:0:0:1]:55997] logged in with entity id 1127 at ([world]-137.89921855682863, 71.0, 91.30000001192093)
[18:14:35] [Server thread/INFO]: kidosXD lost connection: Disconnected
[18:14:35] [Server thread/INFO]: kidosXD left the game
[18:15:24] [User Authenticator #6/INFO]: UUID of player Tech_Experience is 8449e16d-92ff-33cb-b124-08b0b034c272
[18:15:25] [Server thread/INFO]: Tech_Experience joined the game
[18:15:25] [Server thread/INFO]: Tech_Experience[/[0:0:0:0:0:0:0:1]:56004] logged in with entity id 1137 at ([world]-130.5, 72.0, 70.5)
[18:15:35] [User Authenticator #6/INFO]: UUID of player kidosXD is 94277fdf-16cc-384a-80a9-459512d6f6f2
[18:15:35] [Server thread/INFO]: kidosXD joined the game
[18:15:35] [Server thread/INFO]: kidosXD[/[0:0:0:0:0:0:0:1]:56008] logged in with entity id 1178 at ([world]-137.89921855682863, 71.0, 91.30000001192093)
[18:16:44] [Server thread/INFO]: kidosXD was slain by Tech_Experience
[18:16:56] [Server thread/INFO]: kidosXD lost connection: Disconnected
[18:16:56] [Server thread/INFO]: kidosXD left the game
[18:17:03] [Server thread/INFO]: Unknown command. Type "/help" for help.
[18:17:07] [Server thread/INFO]: Unknown command. Type "/help" for help.
[18:17:09] [Server thread/INFO]: Unknown or incomplete command, see below for error
[18:17:09] [Server thread/INFO]: op<--[HERE]
[18:17:11] [Server thread/INFO]: Stopping the server
[18:17:11] [Server thread/INFO]: Stopping server
[18:17:11] [Server thread/INFO]: [OpeNLogin] Disabling OpeNLogin v1.6.5
[18:17:11] [Server thread/INFO]: Saving players
[18:17:11] [Server thread/INFO]: Tech_Experience lost connection: Server closed
[18:17:11] [Server thread/INFO]: Tech_Experience left the game
[18:17:11] [Server thread/INFO]: Saving worlds
[18:17:11] [Server thread/INFO]: Saving chunks for level 'ServerLevel[world]'/minecraft:overworld
[18:17:12] [Server thread/INFO]: ThreadedAnvilChunkStorage (world): All chunks are saved
[18:17:12] [Server thread/INFO]: Saving chunks for level 'ServerLevel[world_nether]'/minecraft:the_nether
[18:17:12] [Server thread/INFO]: ThreadedAnvilChunkStorage (DIM-1): All chunks are saved
[18:17:12] [Server thread/INFO]: Saving chunks for level 'ServerLevel[world_the_end]'/minecraft:the_end
[18:17:12] [Server thread/INFO]: ThreadedAnvilChunkStorage (DIM1): All chunks are saved
[18:17:12] [Server thread/INFO]: ThreadedAnvilChunkStorage (world): All chunks are saved
[18:17:12] [Server thread/INFO]: ThreadedAnvilChunkStorage (DIM-1): All chunks are saved
[18:17:12] [Server thread/INFO]: ThreadedAnvilChunkStorage (DIM1): All chunks are saved
[18:17:12] [Server thread/INFO]: Flushing Chunk IO
[18:17:12] [Server thread/INFO]: Closing Thread Pool
[18:17:12] [Server thread/INFO]: Closing Server
